Trying:
    CESutility_multi([2, 3], [0.5, 0.5], 0.5)
Expecting:
    2.4
**********************************************************************
File "__main__", line 155, in __main__.CESutility_multi
Failed example:
    CESutility_multi([2, 3], [0.5, 0.5], 0.5)
Expected:
    2.4
Got:
    6.0
Trying:
    CESutility_multi([1, 2, 3], [0.3, 0.4, 0.3], 1)
Expecting:
    2.0
**********************************************************************
File "__main__", line 157, in __main__.CESutility_multi
Failed example:
    CESutility_multi([1, 2, 3], [0.3, 0.4, 0.3], 1)
Expected:
    2.0
Got:
    6.0
Trying:
    CESutility_multi([1, -2, 3], [0.3, 0.4, 0.3], 0.5)
Expecting:
    None
**********************************************************************
File "__main__", line 159, in __main__.CESutility_multi
Failed example:
    CESutility_multi([1, -2, 3], [0.3, 0.4, 0.3], 0.5)
Expected:
    None
Got nothing
Trying:
    logit_like_grad([1, 1, 0, 0], [15.0, 5.0, 15.0, 5.0], 0.0, 0.0)
Expecting:
    [0.0, 0.0]
ok
Trying:
    logit_like_grad([1, 1, 0, 0], [15.0, 5.0, 15.0, 5.0], math.log(3), 0.0)
Expecting:
    [-1.0, -10.0]
ok
Trying:
    logit_like_grad([1, 1, 0, 0], [15.0, 5.0, 15.0, 5.0], math.log(7), 0.0)
Expecting:
    [-1.5, -15.0]
ok
Trying:
    logit_like_grad([1, 0, 1], [1, 1, 1], 0.0, math.log(2))
Expecting:
    [0.0, 0.0]
ok
Trying:
    logit_like_grad([1, 0, 1], [1, 1, 1], 0.0, math.log(5))
Expecting:
    [-0.5, -0.5]
ok
Trying:
    logit_like_grad([1, 0, 1], [3, 3, 3], 0.0, math.log(2))
Expecting:
    [-0.67, -2.0]
ok
Trying:
    logit_like_sum([1, 0, 1], [2, 3, 5], 0.5, -0.2)
Expecting:
    -2.12
**********************************************************************
File "__main__", line 97, in __main__.logit_like_sum
Failed example:
    logit_like_sum([1, 0, 1], [2, 3, 5], 0.5, -0.2)
Expected:
    -2.12
Got:
    -2.26
Trying:
    logit_like_sum([0, 1, 1], [1, 4, 6], -0.3, 0.7)
Expecting:
    -2.25
**********************************************************************
File "__main__", line 99, in __main__.logit_like_sum
Failed example:
    logit_like_sum([0, 1, 1], [1, 4, 6], -0.3, 0.7)
Expected:
    -2.25
Got:
    -1.01
Trying:
    logit_like_sum([1, 1, 0], [2, 2, 2], 0.1, -0.1)
Expecting:
    -2.08
**********************************************************************
File "__main__", line 101, in __main__.logit_like_sum
Failed example:
    logit_like_sum([1, 1, 0], [2, 2, 2], 0.1, -0.1)
Expected:
    -2.08
Got:
    -2.13
Trying:
    matrix_inverse(np.array([[4, 7], [2, 6]]))
Expecting:
    array([[0.6, -0.7],
           [-0.2, 0.4]])
**********************************************************************
File "__main__", line 43, in __main__.matrix_inverse
Failed example:
    matrix_inverse(np.array([[4, 7], [2, 6]]))
Expected:
    array([[0.6, -0.7],
           [-0.2, 0.4]])
Got:
    array([[ 0.6, -0.7],
           [-0.2,  0.4]])
Trying:
    matrix_inverse(np.array([[1, 2], [3, 4]]))
Expecting:
    array([[-2.0, 1.0],
           [1.5, -0.5]])
**********************************************************************
File "__main__", line 46, in __main__.matrix_inverse
Failed example:
    matrix_inverse(np.array([[1, 2], [3, 4]]))
Expected:
    array([[-2.0, 1.0],
           [1.5, -0.5]])
Got:
    array([[-2. ,  1. ],
           [ 1.5, -0.5]])
Trying:
    matrix_inverse(np.array([[2, 3], [4, 6]]))
Expecting:
    None
**********************************************************************
File "__main__", line 49, in __main__.matrix_inverse
Failed example:
    matrix_inverse(np.array([[2, 3], [4, 6]]))
Expected:
    None
Got:
    Error: Determined cannot be zero
Trying:
    matrix_inverse(np.array([[1, 1], [1, 1]]))
Expecting:
    None
**********************************************************************
File "__main__", line 51, in __main__.matrix_inverse
Failed example:
    matrix_inverse(np.array([[1, 1], [1, 1]]))
Expected:
    None
Got:
    Error: Determined cannot be zero
2 items had no tests:
    __main__
    __main__.logit_like
1 items passed all tests:
   6 tests in __main__.logit_like_grad
**********************************************************************
3 items had failures:
   3 of   3 in __main__.CESutility_multi
   3 of   3 in __main__.logit_like_sum
   4 of   4 in __main__.matrix_inverse
16 tests in 6 items.
6 passed and 10 failed.
***Test Failed*** 10 failures.
